<?xml version="1.0" encoding="UTF-8"?>
<testng-results ignored="0" total="1" passed="1" failed="0" skipped="0">
  <reporter-output>
  </reporter-output>
  <suite started-at="2022-09-13T08:38:43Z" name="Default suite" finished-at="2022-09-13T08:38:53Z" duration-ms="10075">
    <groups>
    </groups>
    <test started-at="2022-09-13T08:38:43Z" name="Default test" finished-at="2022-09-13T08:38:53Z" duration-ms="10075">
      <class name="Login.LoginTest">
        <test-method is-config="true" signature="testLogin()[pri:0, instance:Login.LoginTest@54e7df6a]" started-at="2022-09-13T08:38:43Z" name="testLogin" finished-at="2022-09-13T08:38:48Z" duration-ms="4616" status="PASS">
          <reporter-output>
          </reporter-output>
        </test-method> <!-- testLogin -->
        <test-method signature="loginData(java.lang.String, java.lang.String)[pri:1, instance:Login.LoginTest@54e7df6a]" started-at="2022-09-13T08:38:48Z" name="loginData" data-provider="LoginDatas" finished-at="2022-09-13T08:38:52Z" duration-ms="4900" status="PASS">
          <params>
            <param index="0">
              <value>
                <![CDATA[Admin]]>
              </value>
            </param>
            <param index="1">
              <value>
                <![CDATA[admin123]]>
              </value>
            </param>
          </params>
          <reporter-output>
          </reporter-output>
        </test-method> <!-- loginData -->
        <test-method is-config="true" signature="driverClose()[pri:0, instance:Login.LoginTest@54e7df6a]" started-at="2022-09-13T08:38:52Z" name="driverClose" finished-at="2022-09-13T08:38:53Z" duration-ms="119" status="PASS">
          <reporter-output>
          </reporter-output>
        </test-method> <!-- driverClose -->
      </class> <!-- Login.LoginTest -->
    </test> <!-- Default test -->
  </suite> <!-- Default suite -->
</testng-results>
